2024-11-24T09:40:21.000Z - users.findOne({"email":"user1@mailinator.com"}) - {}
2024-11-24T09:40:41.574Z - users.findOne({"email":"user1@mailinator.com"}) - {}
2024-11-24T09:44:59.099Z - users.findOne({"email":"user1@mailinator.com"}) - {}
2024-11-24T09:46:09.335Z - users.createIndex({"email":1}) - {"unique":true,"background":true}
2024-11-24T09:46:43.767Z - users.createIndex({"email":1}) - {"unique":true,"background":true}
2024-11-24T09:47:19.418Z - users.findOne({"email":"user1@mailinator.com"}) - {}
2024-11-24T09:47:19.570Z - users.insertOne({"email":"user1@mailinator.com","password":"$2a$10$nnyebUDZy5O19QObpvAM9.WxrrBzVHonz9/AAzIHUdopjr7LA6pQq","_id":"6742f6276fcf4ec1a8f7bac8","createdAt":"2024-11-24T09:47:19.435Z","updatedAt":"2024-11-24T09:47:19.435Z","__v":0}) - {}
2024-11-24T09:48:16.643Z - users.createIndex({"email":1}) - {"unique":true,"background":true}
2024-11-24T09:48:30.975Z - users.findOne({"email":"user1@mailinator.com"}) - {}
2024-11-24T09:48:37.634Z - users.findOne({"email":"user2@mailinator.com"}) - {}
2024-11-24T09:48:37.800Z - users.insertOne({"email":"user2@mailinator.com","password":"$2a$10$Pmg4ItbwFjBbfZKuv3m9Yuyb8Wjm.Q4jU.i7OKT4Siqjb6RjbnXfu","_id":"6742f675696159c3a91d2917","createdAt":"2024-11-24T09:48:37.669Z","updatedAt":"2024-11-24T09:48:37.669Z","__v":0}) - {}
2024-11-24T09:49:03.809Z - users.createIndex({"email":1}) - {"unique":true,"background":true}
2024-11-24T09:49:50.257Z - users.createIndex({"email":1}) - {"unique":true,"background":true}
2024-11-24T09:49:50.476Z - users.findOne({"email":"user2@mailinator.com"}) - {}
2024-11-24T09:49:54.678Z - users.findOne({"email":"user3@mailinator.com"}) - {}
2024-11-24T09:49:54.840Z - users.insertOne({"email":"user3@mailinator.com","password":"$2a$10$Yr9hG2fzKd8K4G870qD5suFO269KGFfVkymsiuMKaYSmG4IptyScG","_id":"6742f6c28e136e8dcbd91f18","createdAt":"2024-11-24T09:49:54.693Z","updatedAt":"2024-11-24T09:49:54.693Z","__v":0}) - {}
2024-11-24T09:51:11.324Z - users.findOne({"email":"user1@mailinator.com"}) - {}
2024-11-24T09:52:32.358Z - users.createIndex({"email":1}) - {"unique":true,"background":true}
2024-11-24T09:52:35.431Z - users.findOne({"email":"user1@mailinator.com"}) - {}
2024-11-24T09:52:41.223Z - users.findOne({"email":"user1@mailinator.com"}) - {}
2024-11-24T09:53:06.521Z - users.createIndex({"email":1}) - {"unique":true,"background":true}
2024-11-24T09:53:48.520Z - users.findOne({"email":"user1@mailinator.com"}) - {}
2024-11-24T09:54:19.436Z - users.createIndex({"email":1}) - {"unique":true,"background":true}
2024-11-24T10:08:19.088Z - users.findOne({"email":"user1@mailinator.com"}) - {}
2024-11-24T10:08:24.305Z - users.findOne({"email":"user111@mailinator.com"}) - {}
2024-11-24T10:08:40.268Z - users.createIndex({"email":1}) - {"unique":true,"background":true}
2024-11-24T10:09:13.168Z - users.createIndex({"email":1}) - {"unique":true,"background":true}
2024-11-24T10:09:15.360Z - users.findOne({"email":"user1@mailinator.com"}) - {}
2024-11-24T10:09:40.678Z - users.createIndex({"email":1}) - {"unique":true,"background":true}
2024-11-24T10:11:54.432Z - users.findOne({"email":"user1@mailinator.com"}) - {}
2024-11-24T10:12:06.640Z - users.findOne({"email":"user1@mailinator.com"}) - {}
2024-11-24T10:12:22.513Z - users.findOne({"email":"user1@mailinator.com"}) - {}
2024-11-24T10:12:32.835Z - users.findOne({"email":"user3@mailinator.com"}) - {}
2024-11-24T10:12:38.545Z - users.findOne({"email":"user4@mailinator.com"}) - {}
2024-11-24T10:12:38.690Z - users.insertOne({"email":"user4@mailinator.com","password":"$2a$10$hOBdG.lwdsAgYugm3foV/.aFQ8nX0kzlabaeigydMzNZ2wgBZ0Qqi","_id":"6742fc16cf58b303fcc728b8","createdAt":"2024-11-24T10:12:38.563Z","updatedAt":"2024-11-24T10:12:38.563Z","__v":0}) - {}
